\\vmware-host\shared folders\documents\university\g52cpp\coursework\cpp_cw2015\debug\courseworkbase.bsc
\\vmware-host\shared folders\documents\university\g52cpp\coursework\cpp_cw2015\debug\vc120.pdb
\\vmware-host\shared folders\documents\university\g52cpp\coursework\cpp_cw2015\debug\vc120.idb
\\vmware-host\shared folders\documents\university\g52cpp\coursework\cpp_cw2015\debug\demobobject.sbr
\\vmware-host\shared folders\documents\university\g52cpp\coursework\cpp_cw2015\debug\gxd01uballa.sbr
\\vmware-host\shared folders\documents\university\g52cpp\coursework\cpp_cw2015\debug\gxd01uballb.sbr
\\vmware-host\shared folders\documents\university\g52cpp\coursework\cpp_cw2015\debug\gxd01uballbase.sbr
\\vmware-host\shared folders\documents\university\g52cpp\coursework\cpp_cw2015\debug\gxd01umain.sbr
\\vmware-host\shared folders\documents\university\g52cpp\coursework\cpp_cw2015\debug\gxd01uplayer.sbr
\\vmware-host\shared folders\documents\university\g52cpp\coursework\cpp_cw2015\debug\gxd01uscrollbg.sbr
\\vmware-host\shared folders\documents\university\g52cpp\coursework\cpp_cw2015\debug\gxd01utilemanager.sbr
\\vmware-host\shared folders\documents\university\g52cpp\coursework\cpp_cw2015\debug\mainfunction.sbr
\\vmware-host\shared folders\documents\university\g52cpp\coursework\cpp_cw2015\debug\baseengine.sbr
\\vmware-host\shared folders\documents\university\g52cpp\coursework\cpp_cw2015\debug\displayableobject.sbr
\\vmware-host\shared folders\documents\university\g52cpp\coursework\cpp_cw2015\debug\fontmanager.sbr
\\vmware-host\shared folders\documents\university\g52cpp\coursework\cpp_cw2015\debug\jpgimage.sbr
\\vmware-host\shared folders\documents\university\g52cpp\coursework\cpp_cw2015\debug\simpledemo.sbr
\\vmware-host\shared folders\documents\university\g52cpp\coursework\cpp_cw2015\debug\tilemanager.sbr
\\vmware-host\shared folders\documents\university\g52cpp\coursework\cpp_cw2015\debug\bouncingball.sbr
\\vmware-host\shared folders\documents\university\g52cpp\coursework\cpp_cw2015\debug\bouncingballmain.sbr
\\vmware-host\shared folders\documents\university\g52cpp\coursework\cpp_cw2015\debug\demo1main.sbr
\\vmware-host\shared folders\documents\university\g52cpp\coursework\cpp_cw2015\debug\demo2main.sbr
\\vmware-host\shared folders\documents\university\g52cpp\coursework\cpp_cw2015\debug\demo2main.obj
\\vmware-host\shared folders\documents\university\g52cpp\coursework\cpp_cw2015\debug\demo1main.obj
\\vmware-host\shared folders\documents\university\g52cpp\coursework\cpp_cw2015\debug\bouncingballmain.obj
\\vmware-host\shared folders\documents\university\g52cpp\coursework\cpp_cw2015\debug\bouncingball.obj
\\vmware-host\shared folders\documents\university\g52cpp\coursework\cpp_cw2015\debug\tilemanager.obj
\\vmware-host\shared folders\documents\university\g52cpp\coursework\cpp_cw2015\debug\simpledemo.obj
\\vmware-host\shared folders\documents\university\g52cpp\coursework\cpp_cw2015\debug\jpgimage.obj
\\vmware-host\shared folders\documents\university\g52cpp\coursework\cpp_cw2015\debug\fontmanager.obj
\\vmware-host\shared folders\documents\university\g52cpp\coursework\cpp_cw2015\debug\displayableobject.obj
\\vmware-host\shared folders\documents\university\g52cpp\coursework\cpp_cw2015\debug\baseengine.obj
\\vmware-host\shared folders\documents\university\g52cpp\coursework\cpp_cw2015\debug\mainfunction.obj
\\vmware-host\shared folders\documents\university\g52cpp\coursework\cpp_cw2015\debug\gxd01utilemanager.obj
\\vmware-host\shared folders\documents\university\g52cpp\coursework\cpp_cw2015\debug\gxd01uscrollbg.obj
\\vmware-host\shared folders\documents\university\g52cpp\coursework\cpp_cw2015\debug\gxd01uplayer.obj
\\vmware-host\shared folders\documents\university\g52cpp\coursework\cpp_cw2015\debug\gxd01umain.obj
\\vmware-host\shared folders\documents\university\g52cpp\coursework\cpp_cw2015\debug\gxd01uballbase.obj
\\vmware-host\shared folders\documents\university\g52cpp\coursework\cpp_cw2015\debug\gxd01uballb.obj
\\vmware-host\shared folders\documents\university\g52cpp\coursework\cpp_cw2015\debug\gxd01uballa.obj
\\vmware-host\shared folders\documents\university\g52cpp\coursework\cpp_cw2015\debug\demobobject.obj
\\vmware-host\shared folders\documents\university\g52cpp\coursework\cpp_cw2015\debug\demoamain.obj
\\vmware-host\shared folders\documents\university\g52cpp\coursework\cpp_cw2015\debug\demo2object.sbr
\\vmware-host\shared folders\documents\university\g52cpp\coursework\cpp_cw2015\debug\demo2tilemanager.sbr
\\vmware-host\shared folders\documents\university\g52cpp\coursework\cpp_cw2015\debug\demo3main.sbr
\\vmware-host\shared folders\documents\university\g52cpp\coursework\cpp_cw2015\debug\demo3object.sbr
\\vmware-host\shared folders\documents\university\g52cpp\coursework\cpp_cw2015\debug\demo3objectfinished.sbr
\\vmware-host\shared folders\documents\university\g52cpp\coursework\cpp_cw2015\debug\demo3tilemanager.sbr
\\vmware-host\shared folders\documents\university\g52cpp\coursework\cpp_cw2015\debug\demo4main.sbr
\\vmware-host\shared folders\documents\university\g52cpp\coursework\cpp_cw2015\debug\demo4object.sbr
\\vmware-host\shared folders\documents\university\g52cpp\coursework\cpp_cw2015\debug\demo4tilemanager.sbr
\\vmware-host\shared folders\documents\university\g52cpp\coursework\cpp_cw2015\debug\demo4tilemanager.obj
\\vmware-host\shared folders\documents\university\g52cpp\coursework\cpp_cw2015\debug\demo4object.obj
\\vmware-host\shared folders\documents\university\g52cpp\coursework\cpp_cw2015\debug\demo4main.obj
\\vmware-host\shared folders\documents\university\g52cpp\coursework\cpp_cw2015\debug\demo3tilemanager.obj
\\vmware-host\shared folders\documents\university\g52cpp\coursework\cpp_cw2015\debug\demo3objectfinished.obj
\\vmware-host\shared folders\documents\university\g52cpp\coursework\cpp_cw2015\debug\demo3object.obj
\\vmware-host\shared folders\documents\university\g52cpp\coursework\cpp_cw2015\debug\demo3main.obj
\\vmware-host\shared folders\documents\university\g52cpp\coursework\cpp_cw2015\debug\demo2tilemanager.obj
\\vmware-host\shared folders\documents\university\g52cpp\coursework\cpp_cw2015\debug\demo2object.obj
\\vmware-host\shared folders\documents\university\g52cpp\coursework\cpp_cw2015\debug\courseworkbase.ilk
\\vmware-host\shared folders\documents\university\g52cpp\coursework\cpp_cw2015\debug\courseworkbase.exe
\\vmware-host\shared folders\documents\university\g52cpp\coursework\cpp_cw2015\src\map
\\vmware-host\shared folders\documents\university\g52cpp\coursework\cpp_cw2015\debug\courseworkbase.pdb
\\vmware-host\shared folders\documents\university\g52cpp\coursework\cpp_cw2015\debug\demoamain.sbr
\\vmware-host\shared folders\documents\university\g52cpp\coursework\cpp_cw2015\/debug\courseworkbase.pdb
\\vmware-host\shared folders\documents\university\g52cpp\coursework\cpp_cw2015\/debug\courseworkbase.exe
\\vmware-host\shared folders\documents\university\g52cpp\coursework\cpp_cw2015\/debug\courseworkbase.bsc
\\vmware-host\shared folders\documents\university\g52cpp\coursework\cpp_cw2015\/debug\courseworkbase.ilk
\\vmware-host\shared folders\documents\university\g52cpp\coursework\cpp_cw2015\debug\courseworkbase.tlog\bscmake.command.1.tlog
\\vmware-host\shared folders\documents\university\g52cpp\coursework\cpp_cw2015\debug\courseworkbase.tlog\bscmake.read.1.tlog
\\vmware-host\shared folders\documents\university\g52cpp\coursework\cpp_cw2015\debug\courseworkbase.tlog\bscmake.write.1.tlog
\\vmware-host\shared folders\documents\university\g52cpp\coursework\cpp_cw2015\debug\courseworkbase.tlog\cl.command.1.tlog
\\vmware-host\shared folders\documents\university\g52cpp\coursework\cpp_cw2015\debug\courseworkbase.tlog\cl.read.1.tlog
\\vmware-host\shared folders\documents\university\g52cpp\coursework\cpp_cw2015\debug\courseworkbase.tlog\cl.write.1.tlog
\\vmware-host\shared folders\documents\university\g52cpp\coursework\cpp_cw2015\debug\courseworkbase.tlog\link.command.1.tlog
\\vmware-host\shared folders\documents\university\g52cpp\coursework\cpp_cw2015\debug\courseworkbase.tlog\link.read.1.tlog
\\vmware-host\shared folders\documents\university\g52cpp\coursework\cpp_cw2015\debug\courseworkbase.tlog\link.write.1.tlog
